INFO - 2024-10-28 05:33:34 --> Session: Class initialized using 'CodeIgniter\Session\Handlers\FileHandler' driver.
INFO - 2024-10-28 05:33:47 --> Session: Class initialized using 'CodeIgniter\Session\Handlers\FileHandler' driver.
INFO - 2024-10-28 05:33:47 --> Session: Class initialized using 'CodeIgniter\Session\Handlers\FileHandler' driver.
INFO - 2024-10-28 05:33:49 --> Session: Class initialized using 'CodeIgniter\Session\Handlers\FileHandler' driver.
INFO - 2024-10-28 05:33:53 --> Session: Class initialized using 'CodeIgniter\Session\Handlers\FileHandler' driver.
INFO - 2024-10-28 05:34:01 --> Session: Class initialized using 'CodeIgniter\Session\Handlers\FileHandler' driver.
INFO - 2024-10-28 05:34:06 --> Session: Class initialized using 'CodeIgniter\Session\Handlers\FileHandler' driver.
INFO - 2024-10-28 08:28:53 --> Session: Class initialized using 'CodeIgniter\Session\Handlers\FileHandler' driver.
ERROR - 2024-10-28 08:28:58 --> Error connecting to the database: mysqli_sql_exception: No connection could be made because the target machine actively refused it in C:\laragon\www\resik\OmahResik_CompanyProfile\system\Database\MySQLi\Connection.php:174
Stack trace:
#0 C:\laragon\www\resik\OmahResik_CompanyProfile\system\Database\MySQLi\Connection.php(174): mysqli->real_connect('localhost', 'root', '', 'resik', 3306, '', 0)
#1 C:\laragon\www\resik\OmahResik_CompanyProfile\system\Database\BaseConnection.php(391): CodeIgniter\Database\MySQLi\Connection->connect(false)
#2 C:\laragon\www\resik\OmahResik_CompanyProfile\system\Database\BaseConnection.php(574): CodeIgniter\Database\BaseConnection->initialize()
#3 C:\laragon\www\resik\OmahResik_CompanyProfile\system\Database\BaseBuilder.php(1616): CodeIgniter\Database\BaseConnection->query('SELECT *\nFROM `...', Array, false)
#4 C:\laragon\www\resik\OmahResik_CompanyProfile\system\Model.php(268): CodeIgniter\Database\BaseBuilder->get()
#5 C:\laragon\www\resik\OmahResik_CompanyProfile\system\BaseModel.php(656): CodeIgniter\Model->doFirst()
#6 C:\laragon\www\resik\OmahResik_CompanyProfile\app\Controllers\user\Homectrl.php(35): CodeIgniter\BaseModel->first()
#7 C:\laragon\www\resik\OmahResik_CompanyProfile\system\CodeIgniter.php(932): App\Controllers\user\Homectrl->index()
#8 C:\laragon\www\resik\OmahResik_CompanyProfile\system\CodeIgniter.php(497): CodeIgniter\CodeIgniter->runController(Object(App\Controllers\user\Homectrl))
#9 C:\laragon\www\resik\OmahResik_CompanyProfile\system\CodeIgniter.php(366): CodeIgniter\CodeIgniter->handleRequest(NULL, Object(Config\Cache), false)
#10 C:\laragon\www\resik\OmahResik_CompanyProfile\public\index.php(67): CodeIgniter\CodeIgniter->run()
#11 C:\laragon\www\resik\OmahResik_CompanyProfile\system\Commands\Server\rewrite.php(47): require_once('C:\\laragon\\www\\...')
#12 {main}

Next CodeIgniter\Database\Exceptions\DatabaseException: No connection could be made because the target machine actively refused it in C:\laragon\www\resik\OmahResik_CompanyProfile\system\Database\MySQLi\Connection.php:218
Stack trace:
#0 C:\laragon\www\resik\OmahResik_CompanyProfile\system\Database\BaseConnection.php(391): CodeIgniter\Database\MySQLi\Connection->connect(false)
#1 C:\laragon\www\resik\OmahResik_CompanyProfile\system\Database\BaseConnection.php(574): CodeIgniter\Database\BaseConnection->initialize()
#2 C:\laragon\www\resik\OmahResik_CompanyProfile\system\Database\BaseBuilder.php(1616): CodeIgniter\Database\BaseConnection->query('SELECT *\nFROM `...', Array, false)
#3 C:\laragon\www\resik\OmahResik_CompanyProfile\system\Model.php(268): CodeIgniter\Database\BaseBuilder->get()
#4 C:\laragon\www\resik\OmahResik_CompanyProfile\system\BaseModel.php(656): CodeIgniter\Model->doFirst()
#5 C:\laragon\www\resik\OmahResik_CompanyProfile\app\Controllers\user\Homectrl.php(35): CodeIgniter\BaseModel->first()
#6 C:\laragon\www\resik\OmahResik_CompanyProfile\system\CodeIgniter.php(932): App\Controllers\user\Homectrl->index()
#7 C:\laragon\www\resik\OmahResik_CompanyProfile\system\CodeIgniter.php(497): CodeIgniter\CodeIgniter->runController(Object(App\Controllers\user\Homectrl))
#8 C:\laragon\www\resik\OmahResik_CompanyProfile\system\CodeIgniter.php(366): CodeIgniter\CodeIgniter->handleRequest(NULL, Object(Config\Cache), false)
#9 C:\laragon\www\resik\OmahResik_CompanyProfile\public\index.php(67): CodeIgniter\CodeIgniter->run()
#10 C:\laragon\www\resik\OmahResik_CompanyProfile\system\Commands\Server\rewrite.php(47): require_once('C:\\laragon\\www\\...')
#11 {main}
CRITICAL - 2024-10-28 08:28:58 --> Unable to connect to the database.
Main connection [MySQLi]: No connection could be made because the target machine actively refused it
in SYSTEMPATH\Database\BaseConnection.php on line 427.
 1 SYSTEMPATH\Database\BaseConnection.php(574): CodeIgniter\Database\BaseConnection->initialize()
 2 SYSTEMPATH\Database\BaseBuilder.php(1616): CodeIgniter\Database\BaseConnection->query('SELECT *
FROM `tb_meta`
WHERE `nama_halaman` = :nama_halaman:
 LIMIT 1', [...], false)
 3 SYSTEMPATH\Model.php(268): CodeIgniter\Database\BaseBuilder->get()
 4 SYSTEMPATH\BaseModel.php(656): CodeIgniter\Model->doFirst()
 5 APPPATH\Controllers\user\Homectrl.php(35): CodeIgniter\BaseModel->first()
 6 SYSTEMPATH\CodeIgniter.php(932): App\Controllers\user\Homectrl->index()
 7 SYSTEMPATH\CodeIgniter.php(497): CodeIgniter\CodeIgniter->runController(Object(App\Controllers\user\Homectrl))
 8 SYSTEMPATH\CodeIgniter.php(366): CodeIgniter\CodeIgniter->handleRequest(null, Object(Config\Cache), false)
 9 FCPATH\index.php(67): CodeIgniter\CodeIgniter->run()
10 SYSTEMPATH\Commands\Server\rewrite.php(47): require_once('C:\\laragon\\www\\resik\\OmahResik_CompanyProfile\\public\\index.php')
INFO - 2024-10-28 08:29:08 --> Session: Class initialized using 'CodeIgniter\Session\Handlers\FileHandler' driver.
ERROR - 2024-10-28 08:29:12 --> Error connecting to the database: mysqli_sql_exception: No connection could be made because the target machine actively refused it in C:\laragon\www\resik\OmahResik_CompanyProfile\system\Database\MySQLi\Connection.php:174
Stack trace:
#0 C:\laragon\www\resik\OmahResik_CompanyProfile\system\Database\MySQLi\Connection.php(174): mysqli->real_connect('localhost', 'root', '', 'resik', 3306, '', 0)
#1 C:\laragon\www\resik\OmahResik_CompanyProfile\system\Database\BaseConnection.php(391): CodeIgniter\Database\MySQLi\Connection->connect(false)
#2 C:\laragon\www\resik\OmahResik_CompanyProfile\system\Database\BaseConnection.php(574): CodeIgniter\Database\BaseConnection->initialize()
#3 C:\laragon\www\resik\OmahResik_CompanyProfile\system\Database\BaseBuilder.php(1616): CodeIgniter\Database\BaseConnection->query('SELECT *\nFROM `...', Array, false)
#4 C:\laragon\www\resik\OmahResik_CompanyProfile\system\Model.php(268): CodeIgniter\Database\BaseBuilder->get()
#5 C:\laragon\www\resik\OmahResik_CompanyProfile\system\BaseModel.php(656): CodeIgniter\Model->doFirst()
#6 C:\laragon\www\resik\OmahResik_CompanyProfile\app\Controllers\user\Homectrl.php(35): CodeIgniter\BaseModel->first()
#7 C:\laragon\www\resik\OmahResik_CompanyProfile\system\CodeIgniter.php(932): App\Controllers\user\Homectrl->index()
#8 C:\laragon\www\resik\OmahResik_CompanyProfile\system\CodeIgniter.php(497): CodeIgniter\CodeIgniter->runController(Object(App\Controllers\user\Homectrl))
#9 C:\laragon\www\resik\OmahResik_CompanyProfile\system\CodeIgniter.php(366): CodeIgniter\CodeIgniter->handleRequest(NULL, Object(Config\Cache), false)
#10 C:\laragon\www\resik\OmahResik_CompanyProfile\public\index.php(67): CodeIgniter\CodeIgniter->run()
#11 C:\laragon\www\resik\OmahResik_CompanyProfile\system\Commands\Server\rewrite.php(47): require_once('C:\\laragon\\www\\...')
#12 {main}

Next CodeIgniter\Database\Exceptions\DatabaseException: No connection could be made because the target machine actively refused it in C:\laragon\www\resik\OmahResik_CompanyProfile\system\Database\MySQLi\Connection.php:218
Stack trace:
#0 C:\laragon\www\resik\OmahResik_CompanyProfile\system\Database\BaseConnection.php(391): CodeIgniter\Database\MySQLi\Connection->connect(false)
#1 C:\laragon\www\resik\OmahResik_CompanyProfile\system\Database\BaseConnection.php(574): CodeIgniter\Database\BaseConnection->initialize()
#2 C:\laragon\www\resik\OmahResik_CompanyProfile\system\Database\BaseBuilder.php(1616): CodeIgniter\Database\BaseConnection->query('SELECT *\nFROM `...', Array, false)
#3 C:\laragon\www\resik\OmahResik_CompanyProfile\system\Model.php(268): CodeIgniter\Database\BaseBuilder->get()
#4 C:\laragon\www\resik\OmahResik_CompanyProfile\system\BaseModel.php(656): CodeIgniter\Model->doFirst()
#5 C:\laragon\www\resik\OmahResik_CompanyProfile\app\Controllers\user\Homectrl.php(35): CodeIgniter\BaseModel->first()
#6 C:\laragon\www\resik\OmahResik_CompanyProfile\system\CodeIgniter.php(932): App\Controllers\user\Homectrl->index()
#7 C:\laragon\www\resik\OmahResik_CompanyProfile\system\CodeIgniter.php(497): CodeIgniter\CodeIgniter->runController(Object(App\Controllers\user\Homectrl))
#8 C:\laragon\www\resik\OmahResik_CompanyProfile\system\CodeIgniter.php(366): CodeIgniter\CodeIgniter->handleRequest(NULL, Object(Config\Cache), false)
#9 C:\laragon\www\resik\OmahResik_CompanyProfile\public\index.php(67): CodeIgniter\CodeIgniter->run()
#10 C:\laragon\www\resik\OmahResik_CompanyProfile\system\Commands\Server\rewrite.php(47): require_once('C:\\laragon\\www\\...')
#11 {main}
CRITICAL - 2024-10-28 08:29:12 --> Unable to connect to the database.
Main connection [MySQLi]: No connection could be made because the target machine actively refused it
in SYSTEMPATH\Database\BaseConnection.php on line 427.
 1 SYSTEMPATH\Database\BaseConnection.php(574): CodeIgniter\Database\BaseConnection->initialize()
 2 SYSTEMPATH\Database\BaseBuilder.php(1616): CodeIgniter\Database\BaseConnection->query('SELECT *
FROM `tb_meta`
WHERE `nama_halaman` = :nama_halaman:
 LIMIT 1', [...], false)
 3 SYSTEMPATH\Model.php(268): CodeIgniter\Database\BaseBuilder->get()
 4 SYSTEMPATH\BaseModel.php(656): CodeIgniter\Model->doFirst()
 5 APPPATH\Controllers\user\Homectrl.php(35): CodeIgniter\BaseModel->first()
 6 SYSTEMPATH\CodeIgniter.php(932): App\Controllers\user\Homectrl->index()
 7 SYSTEMPATH\CodeIgniter.php(497): CodeIgniter\CodeIgniter->runController(Object(App\Controllers\user\Homectrl))
 8 SYSTEMPATH\CodeIgniter.php(366): CodeIgniter\CodeIgniter->handleRequest(null, Object(Config\Cache), false)
 9 FCPATH\index.php(67): CodeIgniter\CodeIgniter->run()
10 SYSTEMPATH\Commands\Server\rewrite.php(47): require_once('C:\\laragon\\www\\resik\\OmahResik_CompanyProfile\\public\\index.php')
INFO - 2024-10-28 08:29:23 --> Session: Class initialized using 'CodeIgniter\Session\Handlers\FileHandler' driver.
INFO - 2024-10-28 08:30:56 --> Session: Class initialized using 'CodeIgniter\Session\Handlers\FileHandler' driver.
INFO - 2024-10-28 08:30:56 --> Session: Class initialized using 'CodeIgniter\Session\Handlers\FileHandler' driver.
INFO - 2024-10-28 08:31:00 --> Session: Class initialized using 'CodeIgniter\Session\Handlers\FileHandler' driver.
INFO - 2024-10-28 08:31:03 --> Session: Class initialized using 'CodeIgniter\Session\Handlers\FileHandler' driver.
