INFO - 2024-11-06 03:04:19 --> Session: Class initialized using 'CodeIgniter\Session\Handlers\FileHandler' driver.
INFO - 2024-11-06 03:04:20 --> Session: Class initialized using 'CodeIgniter\Session\Handlers\FileHandler' driver.
INFO - 2024-11-06 03:04:20 --> Session: Class initialized using 'CodeIgniter\Session\Handlers\FileHandler' driver.
INFO - 2024-11-06 03:04:25 --> Session: Class initialized using 'CodeIgniter\Session\Handlers\FileHandler' driver.
INFO - 2024-11-06 03:04:34 --> Session: Class initialized using 'CodeIgniter\Session\Handlers\FileHandler' driver.
INFO - 2024-11-06 03:04:34 --> Session: Class initialized using 'CodeIgniter\Session\Handlers\FileHandler' driver.
INFO - 2024-11-06 03:04:42 --> CSRF token verified.
INFO - 2024-11-06 03:04:42 --> Session: Class initialized using 'CodeIgniter\Session\Handlers\FileHandler' driver.
INFO - 2024-11-06 03:04:43 --> Session: Class initialized using 'CodeIgniter\Session\Handlers\FileHandler' driver.
INFO - 2024-11-06 03:04:54 --> Session: Class initialized using 'CodeIgniter\Session\Handlers\FileHandler' driver.
INFO - 2024-11-06 03:05:03 --> Session: Class initialized using 'CodeIgniter\Session\Handlers\FileHandler' driver.
INFO - 2024-11-06 03:05:12 --> Session: Class initialized using 'CodeIgniter\Session\Handlers\FileHandler' driver.
INFO - 2024-11-06 03:05:12 --> Session: Class initialized using 'CodeIgniter\Session\Handlers\FileHandler' driver.
INFO - 2024-11-06 03:05:15 --> Session: Class initialized using 'CodeIgniter\Session\Handlers\FileHandler' driver.
INFO - 2024-11-06 03:05:16 --> Session: Class initialized using 'CodeIgniter\Session\Handlers\FileHandler' driver.
INFO - 2024-11-06 03:05:16 --> Session: Class initialized using 'CodeIgniter\Session\Handlers\FileHandler' driver.
INFO - 2024-11-06 03:05:16 --> Session: Class initialized using 'CodeIgniter\Session\Handlers\FileHandler' driver.
INFO - 2024-11-06 03:05:50 --> Session: Class initialized using 'CodeIgniter\Session\Handlers\FileHandler' driver.
INFO - 2024-11-06 03:07:53 --> Session: Class initialized using 'CodeIgniter\Session\Handlers\FileHandler' driver.
INFO - 2024-11-06 03:07:54 --> Session: Class initialized using 'CodeIgniter\Session\Handlers\FileHandler' driver.
INFO - 2024-11-06 03:07:55 --> Session: Class initialized using 'CodeIgniter\Session\Handlers\FileHandler' driver.
INFO - 2024-11-06 03:07:56 --> Session: Class initialized using 'CodeIgniter\Session\Handlers\FileHandler' driver.
INFO - 2024-11-06 03:07:56 --> Session: Class initialized using 'CodeIgniter\Session\Handlers\FileHandler' driver.
INFO - 2024-11-06 03:07:56 --> Session: Class initialized using 'CodeIgniter\Session\Handlers\FileHandler' driver.
INFO - 2024-11-06 03:08:00 --> Session: Class initialized using 'CodeIgniter\Session\Handlers\FileHandler' driver.
INFO - 2024-11-06 03:09:41 --> Session: Class initialized using 'CodeIgniter\Session\Handlers\FileHandler' driver.
INFO - 2024-11-06 03:09:48 --> Session: Class initialized using 'CodeIgniter\Session\Handlers\FileHandler' driver.
INFO - 2024-11-06 03:09:58 --> Session: Class initialized using 'CodeIgniter\Session\Handlers\FileHandler' driver.
INFO - 2024-11-06 03:10:01 --> Session: Class initialized using 'CodeIgniter\Session\Handlers\FileHandler' driver.
INFO - 2024-11-06 03:10:01 --> Session: Class initialized using 'CodeIgniter\Session\Handlers\FileHandler' driver.
INFO - 2024-11-06 03:10:02 --> Session: Class initialized using 'CodeIgniter\Session\Handlers\FileHandler' driver.
INFO - 2024-11-06 03:14:37 --> Session: Class initialized using 'CodeIgniter\Session\Handlers\FileHandler' driver.
INFO - 2024-11-06 03:14:37 --> Session: Class initialized using 'CodeIgniter\Session\Handlers\FileHandler' driver.
INFO - 2024-11-06 03:14:40 --> Session: Class initialized using 'CodeIgniter\Session\Handlers\FileHandler' driver.
INFO - 2024-11-06 03:14:44 --> Session: Class initialized using 'CodeIgniter\Session\Handlers\FileHandler' driver.
INFO - 2024-11-06 03:14:47 --> Session: Class initialized using 'CodeIgniter\Session\Handlers\FileHandler' driver.
INFO - 2024-11-06 03:14:54 --> Session: Class initialized using 'CodeIgniter\Session\Handlers\FileHandler' driver.
INFO - 2024-11-06 03:14:56 --> Session: Class initialized using 'CodeIgniter\Session\Handlers\FileHandler' driver.
INFO - 2024-11-06 03:14:58 --> Session: Class initialized using 'CodeIgniter\Session\Handlers\FileHandler' driver.
INFO - 2024-11-06 03:15:00 --> Session: Class initialized using 'CodeIgniter\Session\Handlers\FileHandler' driver.
INFO - 2024-11-06 03:15:02 --> Session: Class initialized using 'CodeIgniter\Session\Handlers\FileHandler' driver.
INFO - 2024-11-06 03:15:03 --> Session: Class initialized using 'CodeIgniter\Session\Handlers\FileHandler' driver.
INFO - 2024-11-06 03:15:39 --> Session: Class initialized using 'CodeIgniter\Session\Handlers\FileHandler' driver.
INFO - 2024-11-06 03:15:43 --> Session: Class initialized using 'CodeIgniter\Session\Handlers\FileHandler' driver.
INFO - 2024-11-06 03:15:47 --> Session: Class initialized using 'CodeIgniter\Session\Handlers\FileHandler' driver.
INFO - 2024-11-06 04:26:58 --> Session: Class initialized using 'CodeIgniter\Session\Handlers\FileHandler' driver.
INFO - 2024-11-06 04:27:02 --> Session: Class initialized using 'CodeIgniter\Session\Handlers\FileHandler' driver.
INFO - 2024-11-06 04:27:05 --> Session: Class initialized using 'CodeIgniter\Session\Handlers\FileHandler' driver.
INFO - 2024-11-06 04:27:08 --> Session: Class initialized using 'CodeIgniter\Session\Handlers\FileHandler' driver.
INFO - 2024-11-06 04:27:12 --> Session: Class initialized using 'CodeIgniter\Session\Handlers\FileHandler' driver.
INFO - 2024-11-06 04:27:14 --> Session: Class initialized using 'CodeIgniter\Session\Handlers\FileHandler' driver.
INFO - 2024-11-06 04:27:14 --> Session: Class initialized using 'CodeIgniter\Session\Handlers\FileHandler' driver.
INFO - 2024-11-06 04:28:19 --> Session: Class initialized using 'CodeIgniter\Session\Handlers\FileHandler' driver.
INFO - 2024-11-06 04:28:20 --> Session: Class initialized using 'CodeIgniter\Session\Handlers\FileHandler' driver.
INFO - 2024-11-06 04:28:21 --> Session: Class initialized using 'CodeIgniter\Session\Handlers\FileHandler' driver.
INFO - 2024-11-06 04:28:28 --> Session: Class initialized using 'CodeIgniter\Session\Handlers\FileHandler' driver.
INFO - 2024-11-06 04:31:51 --> Session: Class initialized using 'CodeIgniter\Session\Handlers\FileHandler' driver.
INFO - 2024-11-06 04:31:52 --> Session: Class initialized using 'CodeIgniter\Session\Handlers\FileHandler' driver.
INFO - 2024-11-06 04:40:34 --> Session: Class initialized using 'CodeIgniter\Session\Handlers\FileHandler' driver.
INFO - 2024-11-06 04:40:38 --> Session: Class initialized using 'CodeIgniter\Session\Handlers\FileHandler' driver.
INFO - 2024-11-06 04:40:48 --> Session: Class initialized using 'CodeIgniter\Session\Handlers\FileHandler' driver.
INFO - 2024-11-06 04:40:49 --> Session: Class initialized using 'CodeIgniter\Session\Handlers\FileHandler' driver.
INFO - 2024-11-06 04:41:49 --> Session: Class initialized using 'CodeIgniter\Session\Handlers\FileHandler' driver.
INFO - 2024-11-06 04:41:52 --> Session: Class initialized using 'CodeIgniter\Session\Handlers\FileHandler' driver.
INFO - 2024-11-06 04:41:54 --> Session: Class initialized using 'CodeIgniter\Session\Handlers\FileHandler' driver.
INFO - 2024-11-06 04:41:56 --> Session: Class initialized using 'CodeIgniter\Session\Handlers\FileHandler' driver.
INFO - 2024-11-06 04:41:58 --> Session: Class initialized using 'CodeIgniter\Session\Handlers\FileHandler' driver.
INFO - 2024-11-06 04:42:00 --> Session: Class initialized using 'CodeIgniter\Session\Handlers\FileHandler' driver.
INFO - 2024-11-06 04:42:03 --> Session: Class initialized using 'CodeIgniter\Session\Handlers\FileHandler' driver.
INFO - 2024-11-06 04:42:18 --> Session: Class initialized using 'CodeIgniter\Session\Handlers\FileHandler' driver.
INFO - 2024-11-06 04:42:19 --> Session: Class initialized using 'CodeIgniter\Session\Handlers\FileHandler' driver.
INFO - 2024-11-06 04:42:54 --> Session: Class initialized using 'CodeIgniter\Session\Handlers\FileHandler' driver.
INFO - 2024-11-06 04:42:59 --> Session: Class initialized using 'CodeIgniter\Session\Handlers\FileHandler' driver.
INFO - 2024-11-06 04:45:18 --> Session: Class initialized using 'CodeIgniter\Session\Handlers\FileHandler' driver.
INFO - 2024-11-06 04:48:03 --> Session: Class initialized using 'CodeIgniter\Session\Handlers\FileHandler' driver.
INFO - 2024-11-06 04:48:06 --> Session: Class initialized using 'CodeIgniter\Session\Handlers\FileHandler' driver.
INFO - 2024-11-06 04:48:08 --> Session: Class initialized using 'CodeIgniter\Session\Handlers\FileHandler' driver.
INFO - 2024-11-06 04:48:12 --> Session: Class initialized using 'CodeIgniter\Session\Handlers\FileHandler' driver.
INFO - 2024-11-06 04:48:14 --> Session: Class initialized using 'CodeIgniter\Session\Handlers\FileHandler' driver.
INFO - 2024-11-06 04:48:16 --> Session: Class initialized using 'CodeIgniter\Session\Handlers\FileHandler' driver.
INFO - 2024-11-06 04:50:09 --> Session: Class initialized using 'CodeIgniter\Session\Handlers\FileHandler' driver.
INFO - 2024-11-06 04:50:11 --> Session: Class initialized using 'CodeIgniter\Session\Handlers\FileHandler' driver.
INFO - 2024-11-06 04:50:17 --> Session: Class initialized using 'CodeIgniter\Session\Handlers\FileHandler' driver.
INFO - 2024-11-06 04:50:17 --> Session: Class initialized using 'CodeIgniter\Session\Handlers\FileHandler' driver.
INFO - 2024-11-06 04:50:18 --> Session: Class initialized using 'CodeIgniter\Session\Handlers\FileHandler' driver.
INFO - 2024-11-06 04:50:18 --> Session: Class initialized using 'CodeIgniter\Session\Handlers\FileHandler' driver.
INFO - 2024-11-06 04:54:10 --> Session: Class initialized using 'CodeIgniter\Session\Handlers\FileHandler' driver.
INFO - 2024-11-06 04:54:12 --> Session: Class initialized using 'CodeIgniter\Session\Handlers\FileHandler' driver.
INFO - 2024-11-06 04:54:13 --> Session: Class initialized using 'CodeIgniter\Session\Handlers\FileHandler' driver.
INFO - 2024-11-06 04:54:13 --> Session: Class initialized using 'CodeIgniter\Session\Handlers\FileHandler' driver.
INFO - 2024-11-06 04:54:13 --> Session: Class initialized using 'CodeIgniter\Session\Handlers\FileHandler' driver.
INFO - 2024-11-06 04:55:46 --> Session: Class initialized using 'CodeIgniter\Session\Handlers\FileHandler' driver.
INFO - 2024-11-06 04:55:50 --> Session: Class initialized using 'CodeIgniter\Session\Handlers\FileHandler' driver.
INFO - 2024-11-06 04:55:54 --> Session: Class initialized using 'CodeIgniter\Session\Handlers\FileHandler' driver.
INFO - 2024-11-06 04:55:58 --> Session: Class initialized using 'CodeIgniter\Session\Handlers\FileHandler' driver.
INFO - 2024-11-06 04:56:01 --> Session: Class initialized using 'CodeIgniter\Session\Handlers\FileHandler' driver.
INFO - 2024-11-06 04:56:03 --> Session: Class initialized using 'CodeIgniter\Session\Handlers\FileHandler' driver.
INFO - 2024-11-06 04:56:06 --> Session: Class initialized using 'CodeIgniter\Session\Handlers\FileHandler' driver.
INFO - 2024-11-06 04:57:53 --> Session: Class initialized using 'CodeIgniter\Session\Handlers\FileHandler' driver.
INFO - 2024-11-06 05:01:41 --> Session: Class initialized using 'CodeIgniter\Session\Handlers\FileHandler' driver.
INFO - 2024-11-06 05:01:44 --> Session: Class initialized using 'CodeIgniter\Session\Handlers\FileHandler' driver.
INFO - 2024-11-06 05:01:47 --> Session: Class initialized using 'CodeIgniter\Session\Handlers\FileHandler' driver.
INFO - 2024-11-06 05:01:49 --> Session: Class initialized using 'CodeIgniter\Session\Handlers\FileHandler' driver.
INFO - 2024-11-06 05:02:47 --> Session: Class initialized using 'CodeIgniter\Session\Handlers\FileHandler' driver.
CRITICAL - 2024-11-06 05:02:47 --> Undefined property: stdClass::$judul_artikel_in
in APPPATH\Views\user\artikel\index.php on line 55.
 1 APPPATH\Views\user\artikel\index.php(55): CodeIgniter\Debug\Exceptions->errorHandler(2, 'Undefined property: stdClass::$judul_artikel_in', 'C:\\laragon\\www\\resik\\OmahResik_CompanyProfile\\app\\Views\\user\\artikel\\index.php', 55)
 2 SYSTEMPATH\View\View.php(224): include('C:\\laragon\\www\\resik\\OmahResik_CompanyProfile\\app\\Views\\user\\artikel\\index.php')
 3 SYSTEMPATH\View\View.php(227): CodeIgniter\View\View->CodeIgniter\View\{closure}()
 4 SYSTEMPATH\Common.php(1180): CodeIgniter\View\View->render('user/artikel/index', [], true)
 5 APPPATH\Controllers\user\Artikelctrl.php(51): view('user/artikel/index', [...])
 6 SYSTEMPATH\CodeIgniter.php(932): App\Controllers\user\Artikelctrl->index()
 7 SYSTEMPATH\CodeIgniter.php(497): CodeIgniter\CodeIgniter->runController(Object(App\Controllers\user\Artikelctrl))
 8 SYSTEMPATH\CodeIgniter.php(366): CodeIgniter\CodeIgniter->handleRequest(null, Object(Config\Cache), false)
 9 FCPATH\index.php(67): CodeIgniter\CodeIgniter->run()
10 SYSTEMPATH\Commands\Server\rewrite.php(47): require_once('C:\\laragon\\www\\resik\\OmahResik_CompanyProfile\\public\\index.php')
INFO - 2024-11-06 05:03:05 --> Session: Class initialized using 'CodeIgniter\Session\Handlers\FileHandler' driver.
INFO - 2024-11-06 05:04:00 --> Session: Class initialized using 'CodeIgniter\Session\Handlers\FileHandler' driver.
CRITICAL - 2024-11-06 05:04:00 --> Undefined property: stdClass::$judul_artikel_in
in APPPATH\Views\user\artikel\index.php on line 55.
 1 APPPATH\Views\user\artikel\index.php(55): CodeIgniter\Debug\Exceptions->errorHandler(2, 'Undefined property: stdClass::$judul_artikel_in', 'C:\\laragon\\www\\resik\\OmahResik_CompanyProfile\\app\\Views\\user\\artikel\\index.php', 55)
 2 SYSTEMPATH\View\View.php(224): include('C:\\laragon\\www\\resik\\OmahResik_CompanyProfile\\app\\Views\\user\\artikel\\index.php')
 3 SYSTEMPATH\View\View.php(227): CodeIgniter\View\View->CodeIgniter\View\{closure}()
 4 SYSTEMPATH\Common.php(1180): CodeIgniter\View\View->render('user/artikel/index', [], true)
 5 APPPATH\Controllers\user\Artikelctrl.php(51): view('user/artikel/index', [...])
 6 SYSTEMPATH\CodeIgniter.php(932): App\Controllers\user\Artikelctrl->index()
 7 SYSTEMPATH\CodeIgniter.php(497): CodeIgniter\CodeIgniter->runController(Object(App\Controllers\user\Artikelctrl))
 8 SYSTEMPATH\CodeIgniter.php(366): CodeIgniter\CodeIgniter->handleRequest(null, Object(Config\Cache), false)
 9 FCPATH\index.php(67): CodeIgniter\CodeIgniter->run()
10 SYSTEMPATH\Commands\Server\rewrite.php(47): require_once('C:\\laragon\\www\\resik\\OmahResik_CompanyProfile\\public\\index.php')
INFO - 2024-11-06 05:04:10 --> Session: Class initialized using 'CodeIgniter\Session\Handlers\FileHandler' driver.
INFO - 2024-11-06 05:05:44 --> Session: Class initialized using 'CodeIgniter\Session\Handlers\FileHandler' driver.
INFO - 2024-11-06 05:05:47 --> Session: Class initialized using 'CodeIgniter\Session\Handlers\FileHandler' driver.
INFO - 2024-11-06 05:05:50 --> Session: Class initialized using 'CodeIgniter\Session\Handlers\FileHandler' driver.
INFO - 2024-11-06 05:05:51 --> Session: Class initialized using 'CodeIgniter\Session\Handlers\FileHandler' driver.
INFO - 2024-11-06 05:08:22 --> Session: Class initialized using 'CodeIgniter\Session\Handlers\FileHandler' driver.
CRITICAL - 2024-11-06 05:08:22 --> Undefined property: stdClass::$judul_artikel_in
in APPPATH\Views\user\artikel\index.php on line 55.
 1 APPPATH\Views\user\artikel\index.php(55): CodeIgniter\Debug\Exceptions->errorHandler(2, 'Undefined property: stdClass::$judul_artikel_in', 'C:\\laragon\\www\\resik\\OmahResik_CompanyProfile\\app\\Views\\user\\artikel\\index.php', 55)
 2 SYSTEMPATH\View\View.php(224): include('C:\\laragon\\www\\resik\\OmahResik_CompanyProfile\\app\\Views\\user\\artikel\\index.php')
 3 SYSTEMPATH\View\View.php(227): CodeIgniter\View\View->CodeIgniter\View\{closure}()
 4 SYSTEMPATH\Common.php(1180): CodeIgniter\View\View->render('user/artikel/index', [], true)
 5 APPPATH\Controllers\user\Artikelctrl.php(51): view('user/artikel/index', [...])
 6 SYSTEMPATH\CodeIgniter.php(932): App\Controllers\user\Artikelctrl->index()
 7 SYSTEMPATH\CodeIgniter.php(497): CodeIgniter\CodeIgniter->runController(Object(App\Controllers\user\Artikelctrl))
 8 SYSTEMPATH\CodeIgniter.php(366): CodeIgniter\CodeIgniter->handleRequest(null, Object(Config\Cache), false)
 9 FCPATH\index.php(67): CodeIgniter\CodeIgniter->run()
10 SYSTEMPATH\Commands\Server\rewrite.php(47): require_once('C:\\laragon\\www\\resik\\OmahResik_CompanyProfile\\public\\index.php')
INFO - 2024-11-06 05:08:50 --> Session: Class initialized using 'CodeIgniter\Session\Handlers\FileHandler' driver.
CRITICAL - 2024-11-06 05:08:50 --> Undefined property: stdClass::$judul_artikel_in
in APPPATH\Views\user\artikel\index.php on line 55.
 1 APPPATH\Views\user\artikel\index.php(55): CodeIgniter\Debug\Exceptions->errorHandler(2, 'Undefined property: stdClass::$judul_artikel_in', 'C:\\laragon\\www\\resik\\OmahResik_CompanyProfile\\app\\Views\\user\\artikel\\index.php', 55)
 2 SYSTEMPATH\View\View.php(224): include('C:\\laragon\\www\\resik\\OmahResik_CompanyProfile\\app\\Views\\user\\artikel\\index.php')
 3 SYSTEMPATH\View\View.php(227): CodeIgniter\View\View->CodeIgniter\View\{closure}()
 4 SYSTEMPATH\Common.php(1180): CodeIgniter\View\View->render('user/artikel/index', [], true)
 5 APPPATH\Controllers\user\Artikelctrl.php(51): view('user/artikel/index', [...])
 6 SYSTEMPATH\CodeIgniter.php(932): App\Controllers\user\Artikelctrl->index()
 7 SYSTEMPATH\CodeIgniter.php(497): CodeIgniter\CodeIgniter->runController(Object(App\Controllers\user\Artikelctrl))
 8 SYSTEMPATH\CodeIgniter.php(366): CodeIgniter\CodeIgniter->handleRequest(null, Object(Config\Cache), false)
 9 FCPATH\index.php(67): CodeIgniter\CodeIgniter->run()
10 SYSTEMPATH\Commands\Server\rewrite.php(47): require_once('C:\\laragon\\www\\resik\\OmahResik_CompanyProfile\\public\\index.php')
INFO - 2024-11-06 05:09:11 --> Session: Class initialized using 'CodeIgniter\Session\Handlers\FileHandler' driver.
CRITICAL - 2024-11-06 05:09:11 --> Undefined property: stdClass::$judul_artikel_in
in APPPATH\Views\user\artikel\index.php on line 55.
 1 APPPATH\Views\user\artikel\index.php(55): CodeIgniter\Debug\Exceptions->errorHandler(2, 'Undefined property: stdClass::$judul_artikel_in', 'C:\\laragon\\www\\resik\\OmahResik_CompanyProfile\\app\\Views\\user\\artikel\\index.php', 55)
 2 SYSTEMPATH\View\View.php(224): include('C:\\laragon\\www\\resik\\OmahResik_CompanyProfile\\app\\Views\\user\\artikel\\index.php')
 3 SYSTEMPATH\View\View.php(227): CodeIgniter\View\View->CodeIgniter\View\{closure}()
 4 SYSTEMPATH\Common.php(1180): CodeIgniter\View\View->render('user/artikel/index', [], true)
 5 APPPATH\Controllers\user\Artikelctrl.php(51): view('user/artikel/index', [...])
 6 SYSTEMPATH\CodeIgniter.php(932): App\Controllers\user\Artikelctrl->index()
 7 SYSTEMPATH\CodeIgniter.php(497): CodeIgniter\CodeIgniter->runController(Object(App\Controllers\user\Artikelctrl))
 8 SYSTEMPATH\CodeIgniter.php(366): CodeIgniter\CodeIgniter->handleRequest(null, Object(Config\Cache), false)
 9 FCPATH\index.php(67): CodeIgniter\CodeIgniter->run()
10 SYSTEMPATH\Commands\Server\rewrite.php(47): require_once('C:\\laragon\\www\\resik\\OmahResik_CompanyProfile\\public\\index.php')
INFO - 2024-11-06 05:11:15 --> Session: Class initialized using 'CodeIgniter\Session\Handlers\FileHandler' driver.
CRITICAL - 2024-11-06 05:11:15 --> Undefined property: stdClass::$judul_artikel_in
in APPPATH\Views\user\artikel\index.php on line 55.
 1 APPPATH\Views\user\artikel\index.php(55): CodeIgniter\Debug\Exceptions->errorHandler(2, 'Undefined property: stdClass::$judul_artikel_in', 'C:\\laragon\\www\\resik\\OmahResik_CompanyProfile\\app\\Views\\user\\artikel\\index.php', 55)
 2 SYSTEMPATH\View\View.php(224): include('C:\\laragon\\www\\resik\\OmahResik_CompanyProfile\\app\\Views\\user\\artikel\\index.php')
 3 SYSTEMPATH\View\View.php(227): CodeIgniter\View\View->CodeIgniter\View\{closure}()
 4 SYSTEMPATH\Common.php(1180): CodeIgniter\View\View->render('user/artikel/index', [], true)
 5 APPPATH\Controllers\user\Artikelctrl.php(51): view('user/artikel/index', [...])
 6 SYSTEMPATH\CodeIgniter.php(932): App\Controllers\user\Artikelctrl->index()
 7 SYSTEMPATH\CodeIgniter.php(497): CodeIgniter\CodeIgniter->runController(Object(App\Controllers\user\Artikelctrl))
 8 SYSTEMPATH\CodeIgniter.php(366): CodeIgniter\CodeIgniter->handleRequest(null, Object(Config\Cache), false)
 9 FCPATH\index.php(67): CodeIgniter\CodeIgniter->run()
10 SYSTEMPATH\Commands\Server\rewrite.php(47): require_once('C:\\laragon\\www\\resik\\OmahResik_CompanyProfile\\public\\index.php')
INFO - 2024-11-06 05:12:00 --> Session: Class initialized using 'CodeIgniter\Session\Handlers\FileHandler' driver.
CRITICAL - 2024-11-06 05:12:00 --> Undefined property: stdClass::$judul_artikel
in APPPATH\Views\admin\artikel\index.php on line 41.
 1 APPPATH\Views\admin\artikel\index.php(41): CodeIgniter\Debug\Exceptions->errorHandler(2, 'Undefined property: stdClass::$judul_artikel', 'C:\\laragon\\www\\resik\\OmahResik_CompanyProfile\\app\\Views\\admin\\artikel\\index.php', 41)
 2 SYSTEMPATH\View\View.php(224): include('C:\\laragon\\www\\resik\\OmahResik_CompanyProfile\\app\\Views\\admin\\artikel\\index.php')
 3 SYSTEMPATH\View\View.php(227): CodeIgniter\View\View->CodeIgniter\View\{closure}()
 4 SYSTEMPATH\Common.php(1180): CodeIgniter\View\View->render('admin/artikel/index', [], true)
 5 APPPATH\Controllers\admin\Artikel.php(27): view('admin/artikel/index', [...])
 6 SYSTEMPATH\CodeIgniter.php(932): App\Controllers\admin\Artikel->index()
 7 SYSTEMPATH\CodeIgniter.php(497): CodeIgniter\CodeIgniter->runController(Object(App\Controllers\admin\Artikel))
 8 SYSTEMPATH\CodeIgniter.php(366): CodeIgniter\CodeIgniter->handleRequest(null, Object(Config\Cache), false)
 9 FCPATH\index.php(67): CodeIgniter\CodeIgniter->run()
10 SYSTEMPATH\Commands\Server\rewrite.php(47): require_once('C:\\laragon\\www\\resik\\OmahResik_CompanyProfile\\public\\index.php')
INFO - 2024-11-06 05:12:45 --> Session: Class initialized using 'CodeIgniter\Session\Handlers\FileHandler' driver.
INFO - 2024-11-06 05:12:46 --> Session: Class initialized using 'CodeIgniter\Session\Handlers\FileHandler' driver.
INFO - 2024-11-06 05:13:21 --> Session: Class initialized using 'CodeIgniter\Session\Handlers\FileHandler' driver.
INFO - 2024-11-06 05:13:24 --> Session: Class initialized using 'CodeIgniter\Session\Handlers\FileHandler' driver.
CRITICAL - 2024-11-06 05:13:24 --> Undefined property: stdClass::$judul_artikel
in APPPATH\Views\admin\artikel\edit.php on line 25.
 1 APPPATH\Views\admin\artikel\edit.php(25): CodeIgniter\Debug\Exceptions->errorHandler(2, 'Undefined property: stdClass::$judul_artikel', 'C:\\laragon\\www\\resik\\OmahResik_CompanyProfile\\app\\Views\\admin\\artikel\\edit.php', 25)
 2 SYSTEMPATH\View\View.php(224): include('C:\\laragon\\www\\resik\\OmahResik_CompanyProfile\\app\\Views\\admin\\artikel\\edit.php')
 3 SYSTEMPATH\View\View.php(227): CodeIgniter\View\View->CodeIgniter\View\{closure}()
 4 SYSTEMPATH\Common.php(1180): CodeIgniter\View\View->render('admin/artikel/edit', [], true)
 5 APPPATH\Controllers\admin\Artikel.php(110): view('admin/artikel/edit', [...])
 6 SYSTEMPATH\CodeIgniter.php(932): App\Controllers\admin\Artikel->edit('1')
 7 SYSTEMPATH\CodeIgniter.php(497): CodeIgniter\CodeIgniter->runController(Object(App\Controllers\admin\Artikel))
 8 SYSTEMPATH\CodeIgniter.php(366): CodeIgniter\CodeIgniter->handleRequest(null, Object(Config\Cache), false)
 9 FCPATH\index.php(67): CodeIgniter\CodeIgniter->run()
10 SYSTEMPATH\Commands\Server\rewrite.php(47): require_once('C:\\laragon\\www\\resik\\OmahResik_CompanyProfile\\public\\index.php')
INFO - 2024-11-06 05:13:55 --> Session: Class initialized using 'CodeIgniter\Session\Handlers\FileHandler' driver.
INFO - 2024-11-06 05:13:58 --> Session: Class initialized using 'CodeIgniter\Session\Handlers\FileHandler' driver.
INFO - 2024-11-06 05:13:58 --> Session: Class initialized using 'CodeIgniter\Session\Handlers\FileHandler' driver.
INFO - 2024-11-06 05:13:58 --> Session: Class initialized using 'CodeIgniter\Session\Handlers\FileHandler' driver.
INFO - 2024-11-06 05:13:59 --> Session: Class initialized using 'CodeIgniter\Session\Handlers\FileHandler' driver.
CRITICAL - 2024-11-06 05:13:59 --> Attempt to read property "id_artikel" on null
in APPPATH\Views\admin\artikel\edit.php on line 17.
 1 APPPATH\Views\admin\artikel\edit.php(17): CodeIgniter\Debug\Exceptions->errorHandler(2, 'Attempt to read property "id_artikel" on null', 'C:\\laragon\\www\\resik\\OmahResik_CompanyProfile\\app\\Views\\admin\\artikel\\edit.php', 17)
 2 SYSTEMPATH\View\View.php(224): include('C:\\laragon\\www\\resik\\OmahResik_CompanyProfile\\app\\Views\\admin\\artikel\\edit.php')
 3 SYSTEMPATH\View\View.php(227): CodeIgniter\View\View->CodeIgniter\View\{closure}()
 4 SYSTEMPATH\Common.php(1180): CodeIgniter\View\View->render('admin/artikel/edit', [], true)
 5 APPPATH\Controllers\admin\Artikel.php(110): view('admin/artikel/edit', [...])
 6 SYSTEMPATH\CodeIgniter.php(932): App\Controllers\admin\Artikel->edit('favicon.ico')
 7 SYSTEMPATH\CodeIgniter.php(497): CodeIgniter\CodeIgniter->runController(Object(App\Controllers\admin\Artikel))
 8 SYSTEMPATH\CodeIgniter.php(366): CodeIgniter\CodeIgniter->handleRequest(null, Object(Config\Cache), false)
 9 FCPATH\index.php(67): CodeIgniter\CodeIgniter->run()
10 SYSTEMPATH\Commands\Server\rewrite.php(47): require_once('C:\\laragon\\www\\resik\\OmahResik_CompanyProfile\\public\\index.php')
INFO - 2024-11-06 05:14:33 --> CSRF token verified.
INFO - 2024-11-06 05:14:33 --> Session: Class initialized using 'CodeIgniter\Session\Handlers\FileHandler' driver.
ERROR - 2024-11-06 05:14:33 --> mysqli_sql_exception: Unknown column 'judul_artikel' in 'field list' in C:\laragon\www\resik\OmahResik_CompanyProfile\system\Database\MySQLi\Connection.php:295
Stack trace:
#0 C:\laragon\www\resik\OmahResik_CompanyProfile\system\Database\MySQLi\Connection.php(295): mysqli->query('UPDATE `tb_arti...', 0)
#1 C:\laragon\www\resik\OmahResik_CompanyProfile\system\Database\BaseConnection.php(692): CodeIgniter\Database\MySQLi\Connection->execute('UPDATE `tb_arti...')
#2 C:\laragon\www\resik\OmahResik_CompanyProfile\system\Database\BaseConnection.php(606): CodeIgniter\Database\BaseConnection->simpleQuery('UPDATE `tb_arti...')
#3 C:\laragon\www\resik\OmahResik_CompanyProfile\system\Database\BaseBuilder.php(2476): CodeIgniter\Database\BaseConnection->query('UPDATE `tb_arti...', Array, false)
#4 C:\laragon\www\resik\OmahResik_CompanyProfile\system\Model.php(396): CodeIgniter\Database\BaseBuilder->update()
#5 C:\laragon\www\resik\OmahResik_CompanyProfile\system\BaseModel.php(943): CodeIgniter\Model->doUpdate(Array, Array)
#6 C:\laragon\www\resik\OmahResik_CompanyProfile\system\Model.php(756): CodeIgniter\BaseModel->update(Array, Array)
#7 C:\laragon\www\resik\OmahResik_CompanyProfile\app\Controllers\admin\Artikel.php(165): CodeIgniter\Model->update('1', Array)
#8 C:\laragon\www\resik\OmahResik_CompanyProfile\system\CodeIgniter.php(932): App\Controllers\admin\Artikel->proses_edit('1')
#9 C:\laragon\www\resik\OmahResik_CompanyProfile\system\CodeIgniter.php(497): CodeIgniter\CodeIgniter->runController(Object(App\Controllers\admin\Artikel))
#10 C:\laragon\www\resik\OmahResik_CompanyProfile\system\CodeIgniter.php(366): CodeIgniter\CodeIgniter->handleRequest(NULL, Object(Config\Cache), false)
#11 C:\laragon\www\resik\OmahResik_CompanyProfile\public\index.php(67): CodeIgniter\CodeIgniter->run()
#12 C:\laragon\www\resik\OmahResik_CompanyProfile\system\Commands\Server\rewrite.php(47): require_once('C:\\laragon\\www\\...')
#13 {main}
CRITICAL - 2024-11-06 05:14:33 --> Unknown column 'judul_artikel' in 'field list'
in SYSTEMPATH\Database\MySQLi\Connection.php on line 295.
 1 SYSTEMPATH\Database\MySQLi\Connection.php(295): mysqli->query('UPDATE `tb_artikel` SET `judul_artikel` = NULL, `deskripsi_artikel` = \'<p>Di PT. Omah Resik, kami mengerti bahwa kebersihan hotel bukanlah sekadar tugas rutin, tetapi sebuah komitmen untuk memberikan standar kebersihan tertinggi kepada tamu. Kami menawarkan layanan pembersihan harian yang mencakup pembersihan kamar, pengelolaan linen, dan perawatan area publik. Kami juga menyediakan layanan pembersihan mendalam yang mencakup perawatan karpet, penanganan khusus untuk fasilitas umum seperti spa dan kolam renang, serta pengelolaan sampah yang efisien dan ramah lingkungan. Dengan layanan kami, Anda dapat memberikan pengalaman menginap yang bersih, nyaman, dan mengesankan bagi tamu Anda.</p>\', `slug_in` = \'providing-a-clean-and-comfortable-stay-experience-in-the-modern-hospitality-era\', `slug_en` = \'menghadirkan-pengalaman-menginap-yang-bersih-dan-nyaman-di-era-perhotelan-modern\', `foto_artikel` = \'1720578892_4c4fdc83f76efae82bbf.jpg\'
WHERE `tb_artikel`.`id_artikel` IN (\'1\')', 0)
 2 SYSTEMPATH\Database\BaseConnection.php(692): CodeIgniter\Database\MySQLi\Connection->execute('UPDATE `tb_artikel` SET `judul_artikel` = NULL, `deskripsi_artikel` = \'<p>Di PT. Omah Resik, kami mengerti bahwa kebersihan hotel bukanlah sekadar tugas rutin, tetapi sebuah komitmen untuk memberikan standar kebersihan tertinggi kepada tamu. Kami menawarkan layanan pembersihan harian yang mencakup pembersihan kamar, pengelolaan linen, dan perawatan area publik. Kami juga menyediakan layanan pembersihan mendalam yang mencakup perawatan karpet, penanganan khusus untuk fasilitas umum seperti spa dan kolam renang, serta pengelolaan sampah yang efisien dan ramah lingkungan. Dengan layanan kami, Anda dapat memberikan pengalaman menginap yang bersih, nyaman, dan mengesankan bagi tamu Anda.</p>\', `slug_in` = \'providing-a-clean-and-comfortable-stay-experience-in-the-modern-hospitality-era\', `slug_en` = \'menghadirkan-pengalaman-menginap-yang-bersih-dan-nyaman-di-era-perhotelan-modern\', `foto_artikel` = \'1720578892_4c4fdc83f76efae82bbf.jpg\'
WHERE `tb_artikel`.`id_artikel` IN (\'1\')')
 3 SYSTEMPATH\Database\BaseConnection.php(606): CodeIgniter\Database\BaseConnection->simpleQuery('UPDATE `tb_artikel` SET `judul_artikel` = NULL, `deskripsi_artikel` = \'<p>Di PT. Omah Resik, kami mengerti bahwa kebersihan hotel bukanlah sekadar tugas rutin, tetapi sebuah komitmen untuk memberikan standar kebersihan tertinggi kepada tamu. Kami menawarkan layanan pembersihan harian yang mencakup pembersihan kamar, pengelolaan linen, dan perawatan area publik. Kami juga menyediakan layanan pembersihan mendalam yang mencakup perawatan karpet, penanganan khusus untuk fasilitas umum seperti spa dan kolam renang, serta pengelolaan sampah yang efisien dan ramah lingkungan. Dengan layanan kami, Anda dapat memberikan pengalaman menginap yang bersih, nyaman, dan mengesankan bagi tamu Anda.</p>\', `slug_in` = \'providing-a-clean-and-comfortable-stay-experience-in-the-modern-hospitality-era\', `slug_en` = \'menghadirkan-pengalaman-menginap-yang-bersih-dan-nyaman-di-era-perhotelan-modern\', `foto_artikel` = \'1720578892_4c4fdc83f76efae82bbf.jpg\'
WHERE `tb_artikel`.`id_artikel` IN (\'1\')')
 4 SYSTEMPATH\Database\BaseBuilder.php(2476): CodeIgniter\Database\BaseConnection->query('UPDATE `tb_artikel` SET `judul_artikel` = :judul_artikel:, `deskripsi_artikel` = :deskripsi_artikel:, `slug_in` = :slug_in:, `slug_en` = :slug_en:, `foto_artikel` = :foto_artikel:
WHERE `tb_artikel`.`id_artikel` IN :tb_artikel.id_artikel:', [...], false)
 5 SYSTEMPATH\Model.php(396): CodeIgniter\Database\BaseBuilder->update()
 6 SYSTEMPATH\BaseModel.php(943): CodeIgniter\Model->doUpdate([...], [...])
 7 SYSTEMPATH\Model.php(756): CodeIgniter\BaseModel->update([...], [...])
 8 APPPATH\Controllers\admin\Artikel.php(165): CodeIgniter\Model->update('1', [...])
 9 SYSTEMPATH\CodeIgniter.php(932): App\Controllers\admin\Artikel->proses_edit('1')
10 SYSTEMPATH\CodeIgniter.php(497): CodeIgniter\CodeIgniter->runController(Object(App\Controllers\admin\Artikel))
11 SYSTEMPATH\CodeIgniter.php(366): CodeIgniter\CodeIgniter->handleRequest(null, Object(Config\Cache), false)
12 FCPATH\index.php(67): CodeIgniter\CodeIgniter->run()
13 SYSTEMPATH\Commands\Server\rewrite.php(47): require_once('C:\\laragon\\www\\resik\\OmahResik_CompanyProfile\\public\\index.php')
INFO - 2024-11-06 05:16:01 --> CSRF token verified.
INFO - 2024-11-06 05:16:01 --> Session: Class initialized using 'CodeIgniter\Session\Handlers\FileHandler' driver.
INFO - 2024-11-06 05:16:01 --> Session: Class initialized using 'CodeIgniter\Session\Handlers\FileHandler' driver.
INFO - 2024-11-06 05:16:06 --> Session: Class initialized using 'CodeIgniter\Session\Handlers\FileHandler' driver.
INFO - 2024-11-06 05:16:08 --> Session: Class initialized using 'CodeIgniter\Session\Handlers\FileHandler' driver.
INFO - 2024-11-06 05:16:09 --> Session: Class initialized using 'CodeIgniter\Session\Handlers\FileHandler' driver.
INFO - 2024-11-06 05:16:09 --> Session: Class initialized using 'CodeIgniter\Session\Handlers\FileHandler' driver.
INFO - 2024-11-06 05:16:09 --> Session: Class initialized using 'CodeIgniter\Session\Handlers\FileHandler' driver.
CRITICAL - 2024-11-06 05:16:09 --> Attempt to read property "id_artikel" on null
in APPPATH\Views\admin\artikel\edit.php on line 17.
 1 APPPATH\Views\admin\artikel\edit.php(17): CodeIgniter\Debug\Exceptions->errorHandler(2, 'Attempt to read property "id_artikel" on null', 'C:\\laragon\\www\\resik\\OmahResik_CompanyProfile\\app\\Views\\admin\\artikel\\edit.php', 17)
 2 SYSTEMPATH\View\View.php(224): include('C:\\laragon\\www\\resik\\OmahResik_CompanyProfile\\app\\Views\\admin\\artikel\\edit.php')
 3 SYSTEMPATH\View\View.php(227): CodeIgniter\View\View->CodeIgniter\View\{closure}()
 4 SYSTEMPATH\Common.php(1180): CodeIgniter\View\View->render('admin/artikel/edit', [], true)
 5 APPPATH\Controllers\admin\Artikel.php(111): view('admin/artikel/edit', [...])
 6 SYSTEMPATH\CodeIgniter.php(932): App\Controllers\admin\Artikel->edit('favicon.ico')
 7 SYSTEMPATH\CodeIgniter.php(497): CodeIgniter\CodeIgniter->runController(Object(App\Controllers\admin\Artikel))
 8 SYSTEMPATH\CodeIgniter.php(366): CodeIgniter\CodeIgniter->handleRequest(null, Object(Config\Cache), false)
 9 FCPATH\index.php(67): CodeIgniter\CodeIgniter->run()
10 SYSTEMPATH\Commands\Server\rewrite.php(47): require_once('C:\\laragon\\www\\resik\\OmahResik_CompanyProfile\\public\\index.php')
INFO - 2024-11-06 05:16:19 --> CSRF token verified.
INFO - 2024-11-06 05:16:20 --> Session: Class initialized using 'CodeIgniter\Session\Handlers\FileHandler' driver.
INFO - 2024-11-06 05:16:20 --> Session: Class initialized using 'CodeIgniter\Session\Handlers\FileHandler' driver.
INFO - 2024-11-06 05:17:12 --> Session: Class initialized using 'CodeIgniter\Session\Handlers\FileHandler' driver.
CRITICAL - 2024-11-06 05:17:12 --> Undefined property: stdClass::$judul_artikel
in APPPATH\Views\user\artikel\index.php on line 48.
 1 APPPATH\Views\user\artikel\index.php(48): CodeIgniter\Debug\Exceptions->errorHandler(2, 'Undefined property: stdClass::$judul_artikel', 'C:\\laragon\\www\\resik\\OmahResik_CompanyProfile\\app\\Views\\user\\artikel\\index.php', 48)
 2 SYSTEMPATH\View\View.php(224): include('C:\\laragon\\www\\resik\\OmahResik_CompanyProfile\\app\\Views\\user\\artikel\\index.php')
 3 SYSTEMPATH\View\View.php(227): CodeIgniter\View\View->CodeIgniter\View\{closure}()
 4 SYSTEMPATH\Common.php(1180): CodeIgniter\View\View->render('user/artikel/index', [], true)
 5 APPPATH\Controllers\user\Artikelctrl.php(51): view('user/artikel/index', [...])
 6 SYSTEMPATH\CodeIgniter.php(932): App\Controllers\user\Artikelctrl->index()
 7 SYSTEMPATH\CodeIgniter.php(497): CodeIgniter\CodeIgniter->runController(Object(App\Controllers\user\Artikelctrl))
 8 SYSTEMPATH\CodeIgniter.php(366): CodeIgniter\CodeIgniter->handleRequest(null, Object(Config\Cache), false)
 9 FCPATH\index.php(67): CodeIgniter\CodeIgniter->run()
10 SYSTEMPATH\Commands\Server\rewrite.php(47): require_once('C:\\laragon\\www\\resik\\OmahResik_CompanyProfile\\public\\index.php')
INFO - 2024-11-06 05:18:52 --> Session: Class initialized using 'CodeIgniter\Session\Handlers\FileHandler' driver.
INFO - 2024-11-06 05:18:55 --> Session: Class initialized using 'CodeIgniter\Session\Handlers\FileHandler' driver.
INFO - 2024-11-06 05:18:58 --> Session: Class initialized using 'CodeIgniter\Session\Handlers\FileHandler' driver.
INFO - 2024-11-06 05:19:03 --> Session: Class initialized using 'CodeIgniter\Session\Handlers\FileHandler' driver.
INFO - 2024-11-06 05:19:21 --> Session: Class initialized using 'CodeIgniter\Session\Handlers\FileHandler' driver.
INFO - 2024-11-06 05:19:23 --> Session: Class initialized using 'CodeIgniter\Session\Handlers\FileHandler' driver.
INFO - 2024-11-06 05:19:44 --> Session: Class initialized using 'CodeIgniter\Session\Handlers\FileHandler' driver.
INFO - 2024-11-06 05:19:49 --> Session: Class initialized using 'CodeIgniter\Session\Handlers\FileHandler' driver.
INFO - 2024-11-06 05:20:09 --> Session: Class initialized using 'CodeIgniter\Session\Handlers\FileHandler' driver.
INFO - 2024-11-06 05:20:11 --> Session: Class initialized using 'CodeIgniter\Session\Handlers\FileHandler' driver.
INFO - 2024-11-06 05:20:14 --> Session: Class initialized using 'CodeIgniter\Session\Handlers\FileHandler' driver.
INFO - 2024-11-06 05:20:15 --> Session: Class initialized using 'CodeIgniter\Session\Handlers\FileHandler' driver.
INFO - 2024-11-06 05:20:15 --> Session: Class initialized using 'CodeIgniter\Session\Handlers\FileHandler' driver.
INFO - 2024-11-06 05:20:16 --> Session: Class initialized using 'CodeIgniter\Session\Handlers\FileHandler' driver.
CRITICAL - 2024-11-06 05:20:16 --> Attempt to read property "id_artikel" on null
in APPPATH\Views\admin\artikel\edit.php on line 17.
 1 APPPATH\Views\admin\artikel\edit.php(17): CodeIgniter\Debug\Exceptions->errorHandler(2, 'Attempt to read property "id_artikel" on null', 'C:\\laragon\\www\\resik\\OmahResik_CompanyProfile\\app\\Views\\admin\\artikel\\edit.php', 17)
 2 SYSTEMPATH\View\View.php(224): include('C:\\laragon\\www\\resik\\OmahResik_CompanyProfile\\app\\Views\\admin\\artikel\\edit.php')
 3 SYSTEMPATH\View\View.php(227): CodeIgniter\View\View->CodeIgniter\View\{closure}()
 4 SYSTEMPATH\Common.php(1180): CodeIgniter\View\View->render('admin/artikel/edit', [], true)
 5 APPPATH\Controllers\admin\Artikel.php(111): view('admin/artikel/edit', [...])
 6 SYSTEMPATH\CodeIgniter.php(932): App\Controllers\admin\Artikel->edit('favicon.ico')
 7 SYSTEMPATH\CodeIgniter.php(497): CodeIgniter\CodeIgniter->runController(Object(App\Controllers\admin\Artikel))
 8 SYSTEMPATH\CodeIgniter.php(366): CodeIgniter\CodeIgniter->handleRequest(null, Object(Config\Cache), false)
 9 FCPATH\index.php(67): CodeIgniter\CodeIgniter->run()
10 SYSTEMPATH\Commands\Server\rewrite.php(47): require_once('C:\\laragon\\www\\resik\\OmahResik_CompanyProfile\\public\\index.php')
INFO - 2024-11-06 05:20:29 --> CSRF token verified.
INFO - 2024-11-06 05:20:29 --> Session: Class initialized using 'CodeIgniter\Session\Handlers\FileHandler' driver.
INFO - 2024-11-06 05:20:29 --> Session: Class initialized using 'CodeIgniter\Session\Handlers\FileHandler' driver.
INFO - 2024-11-06 05:21:54 --> Session: Class initialized using 'CodeIgniter\Session\Handlers\FileHandler' driver.
INFO - 2024-11-06 05:21:56 --> Session: Class initialized using 'CodeIgniter\Session\Handlers\FileHandler' driver.
INFO - 2024-11-06 05:21:56 --> Session: Class initialized using 'CodeIgniter\Session\Handlers\FileHandler' driver.
INFO - 2024-11-06 05:21:56 --> Session: Class initialized using 'CodeIgniter\Session\Handlers\FileHandler' driver.
INFO - 2024-11-06 05:21:57 --> Session: Class initialized using 'CodeIgniter\Session\Handlers\FileHandler' driver.
CRITICAL - 2024-11-06 05:21:57 --> Attempt to read property "id_artikel" on null
in APPPATH\Views\admin\artikel\edit.php on line 17.
 1 APPPATH\Views\admin\artikel\edit.php(17): CodeIgniter\Debug\Exceptions->errorHandler(2, 'Attempt to read property "id_artikel" on null', 'C:\\laragon\\www\\resik\\OmahResik_CompanyProfile\\app\\Views\\admin\\artikel\\edit.php', 17)
 2 SYSTEMPATH\View\View.php(224): include('C:\\laragon\\www\\resik\\OmahResik_CompanyProfile\\app\\Views\\admin\\artikel\\edit.php')
 3 SYSTEMPATH\View\View.php(227): CodeIgniter\View\View->CodeIgniter\View\{closure}()
 4 SYSTEMPATH\Common.php(1180): CodeIgniter\View\View->render('admin/artikel/edit', [], true)
 5 APPPATH\Controllers\admin\Artikel.php(111): view('admin/artikel/edit', [...])
 6 SYSTEMPATH\CodeIgniter.php(932): App\Controllers\admin\Artikel->edit('favicon.ico')
 7 SYSTEMPATH\CodeIgniter.php(497): CodeIgniter\CodeIgniter->runController(Object(App\Controllers\admin\Artikel))
 8 SYSTEMPATH\CodeIgniter.php(366): CodeIgniter\CodeIgniter->handleRequest(null, Object(Config\Cache), false)
 9 FCPATH\index.php(67): CodeIgniter\CodeIgniter->run()
10 SYSTEMPATH\Commands\Server\rewrite.php(47): require_once('C:\\laragon\\www\\resik\\OmahResik_CompanyProfile\\public\\index.php')
INFO - 2024-11-06 05:22:46 --> CSRF token verified.
INFO - 2024-11-06 05:22:46 --> Session: Class initialized using 'CodeIgniter\Session\Handlers\FileHandler' driver.
INFO - 2024-11-06 05:22:46 --> Session: Class initialized using 'CodeIgniter\Session\Handlers\FileHandler' driver.
INFO - 2024-11-06 05:22:55 --> Session: Class initialized using 'CodeIgniter\Session\Handlers\FileHandler' driver.
INFO - 2024-11-06 05:22:57 --> Session: Class initialized using 'CodeIgniter\Session\Handlers\FileHandler' driver.
INFO - 2024-11-06 05:23:02 --> Session: Class initialized using 'CodeIgniter\Session\Handlers\FileHandler' driver.
INFO - 2024-11-06 05:23:04 --> Session: Class initialized using 'CodeIgniter\Session\Handlers\FileHandler' driver.
INFO - 2024-11-06 05:24:19 --> Session: Class initialized using 'CodeIgniter\Session\Handlers\FileHandler' driver.
INFO - 2024-11-06 05:24:22 --> Session: Class initialized using 'CodeIgniter\Session\Handlers\FileHandler' driver.
INFO - 2024-11-06 05:24:22 --> Session: Class initialized using 'CodeIgniter\Session\Handlers\FileHandler' driver.
INFO - 2024-11-06 05:24:22 --> Session: Class initialized using 'CodeIgniter\Session\Handlers\FileHandler' driver.
INFO - 2024-11-06 05:24:23 --> Session: Class initialized using 'CodeIgniter\Session\Handlers\FileHandler' driver.
CRITICAL - 2024-11-06 05:24:23 --> Attempt to read property "id_artikel" on null
in APPPATH\Views\admin\artikel\edit.php on line 17.
 1 APPPATH\Views\admin\artikel\edit.php(17): CodeIgniter\Debug\Exceptions->errorHandler(2, 'Attempt to read property "id_artikel" on null', 'C:\\laragon\\www\\resik\\OmahResik_CompanyProfile\\app\\Views\\admin\\artikel\\edit.php', 17)
 2 SYSTEMPATH\View\View.php(224): include('C:\\laragon\\www\\resik\\OmahResik_CompanyProfile\\app\\Views\\admin\\artikel\\edit.php')
 3 SYSTEMPATH\View\View.php(227): CodeIgniter\View\View->CodeIgniter\View\{closure}()
 4 SYSTEMPATH\Common.php(1180): CodeIgniter\View\View->render('admin/artikel/edit', [], true)
 5 APPPATH\Controllers\admin\Artikel.php(111): view('admin/artikel/edit', [...])
 6 SYSTEMPATH\CodeIgniter.php(932): App\Controllers\admin\Artikel->edit('favicon.ico')
 7 SYSTEMPATH\CodeIgniter.php(497): CodeIgniter\CodeIgniter->runController(Object(App\Controllers\admin\Artikel))
 8 SYSTEMPATH\CodeIgniter.php(366): CodeIgniter\CodeIgniter->handleRequest(null, Object(Config\Cache), false)
 9 FCPATH\index.php(67): CodeIgniter\CodeIgniter->run()
10 SYSTEMPATH\Commands\Server\rewrite.php(47): require_once('C:\\laragon\\www\\resik\\OmahResik_CompanyProfile\\public\\index.php')
INFO - 2024-11-06 05:24:33 --> Session: Class initialized using 'CodeIgniter\Session\Handlers\FileHandler' driver.
INFO - 2024-11-06 05:24:41 --> Session: Class initialized using 'CodeIgniter\Session\Handlers\FileHandler' driver.
INFO - 2024-11-06 05:24:43 --> Session: Class initialized using 'CodeIgniter\Session\Handlers\FileHandler' driver.
INFO - 2024-11-06 05:24:43 --> Session: Class initialized using 'CodeIgniter\Session\Handlers\FileHandler' driver.
INFO - 2024-11-06 05:24:44 --> Session: Class initialized using 'CodeIgniter\Session\Handlers\FileHandler' driver.
INFO - 2024-11-06 05:24:44 --> Session: Class initialized using 'CodeIgniter\Session\Handlers\FileHandler' driver.
CRITICAL - 2024-11-06 05:24:44 --> Attempt to read property "id_artikel" on null
in APPPATH\Views\admin\artikel\edit.php on line 17.
 1 APPPATH\Views\admin\artikel\edit.php(17): CodeIgniter\Debug\Exceptions->errorHandler(2, 'Attempt to read property "id_artikel" on null', 'C:\\laragon\\www\\resik\\OmahResik_CompanyProfile\\app\\Views\\admin\\artikel\\edit.php', 17)
 2 SYSTEMPATH\View\View.php(224): include('C:\\laragon\\www\\resik\\OmahResik_CompanyProfile\\app\\Views\\admin\\artikel\\edit.php')
 3 SYSTEMPATH\View\View.php(227): CodeIgniter\View\View->CodeIgniter\View\{closure}()
 4 SYSTEMPATH\Common.php(1180): CodeIgniter\View\View->render('admin/artikel/edit', [], true)
 5 APPPATH\Controllers\admin\Artikel.php(111): view('admin/artikel/edit', [...])
 6 SYSTEMPATH\CodeIgniter.php(932): App\Controllers\admin\Artikel->edit('favicon.ico')
 7 SYSTEMPATH\CodeIgniter.php(497): CodeIgniter\CodeIgniter->runController(Object(App\Controllers\admin\Artikel))
 8 SYSTEMPATH\CodeIgniter.php(366): CodeIgniter\CodeIgniter->handleRequest(null, Object(Config\Cache), false)
 9 FCPATH\index.php(67): CodeIgniter\CodeIgniter->run()
10 SYSTEMPATH\Commands\Server\rewrite.php(47): require_once('C:\\laragon\\www\\resik\\OmahResik_CompanyProfile\\public\\index.php')
INFO - 2024-11-06 05:24:50 --> Session: Class initialized using 'CodeIgniter\Session\Handlers\FileHandler' driver.
